<?xml version="1.0" encoding="UTF-8"?>
<!-- Generated by org.testng.reporters.JUnitReportReporter -->
<testsuite hostname="LAPTOP-BKNNN7A8" failures="0" tests="1" name="com.inetbanking.testCases.tc_addCustomer_003" time="10.830" errors="0" timestamp="2021-10-30T17:02:25 IST" skipped="0">
  <testcase classname="com.inetbanking.testCases.tc_addCustomer_003" name="addCustomer" time="10.830"/>
  <system-out/>
</testsuite> <!-- com.inetbanking.testCases.tc_addCustomer_003 -->
